Using pre-set license
Built from '2020.3/staging' branch; Version is '2020.3.10f1 (297d780c91bc) revision 2719096'; Using compiler version '192528614'; Build Type 'Release'
OS: 'Windows 10 Home; OS build 19043.1083; Version 2009; 64bit' Language: 'es' Physical Memory: 16341 MB
BatchMode: 1, IsHumanControllingUs: 0, StartBugReporterOnCrash: 0, Is64bit: 1, IsPro: 0

 COMMAND LINE ARGUMENTS:
C:\Unity Editors\2020.3.10f1\Editor\Unity.exe
-adb2
-batchMode
-noUpm
-name
AssetImportWorker0
-projectPath
C:/Github Desktop/Taller-2021-I/Taller 1 2021
-logFile
Logs/AssetImportWorker0.log
-srvPort
54143
Successfully changed project path to: C:/Github Desktop/Taller-2021-I/Taller 1 2021
C:/Github Desktop/Taller-2021-I/Taller 1 2021
Using Asset Import Pipeline V2.
Refreshing native plugins compatible for Editor in 125.14 ms, found 3 plugins.
Preloading 0 native plugins for Editor in 0.00 ms.
Initialize engine version: 2020.3.10f1 (297d780c91bc)
[Subsystems] Discovering subsystems at path C:/Unity Editors/2020.3.10f1/Editor/Data/Resources/UnitySubsystems
[Subsystems] Discovering subsystems at path C:/Github Desktop/Taller-2021-I/Taller 1 2021/Assets
GfxDevice: creating device client; threaded=0
Direct3D:
    Version:  Direct3D 11.0 [level 11.1]
    Renderer: NVIDIA GeForce GTX 1070 (ID=0x1b81)
    Vendor:   
    VRAM:     8088 MB
    Driver:   30.0.14.7111
Shader 'Universal Render Pipeline/Particles/Lit': fallback shader 'Universal Render Pipeline/Particles/SimpleLit' not found
Initialize mono
Mono path[0] = 'C:/Unity Editors/2020.3.10f1/Editor/Data/Managed'
Mono path[1] = 'C:/Unity Editors/2020.3.10f1/Editor/Data/MonoBleedingEdge/lib/mono/unityjit'
Mono config path = 'C:/Unity Editors/2020.3.10f1/Editor/Data/MonoBleedingEdge/etc'
Using monoOptions --debugger-agent=transport=dt_socket,embedding=1,server=y,suspend=n,address=127.0.0.1:56112
Begin MonoManager ReloadAssembly
Registering precompiled unity dll's ...
Register platform support module: C:/Unity Editors/2020.3.10f1/Editor/Data/PlaybackEngines/WindowsStandaloneSupport/UnityEditor.WindowsStandalone.Extensions.dll
Registered in 0.002103 seconds.
Native extension for WindowsStandalone target not found
Refreshing native plugins compatible for Editor in 108.96 ms, found 3 plugins.
Preloading 0 native plugins for Editor in 0.00 ms.
Mono: successfully reloaded assembly
- Completed reload, in  2.126 seconds
Platform modules already initialized, skipping
Registering precompiled user dll's ...
Registered in 0.007776 seconds.
Begin MonoManager ReloadAssembly
Native extension for WindowsStandalone target not found
Refreshing native plugins compatible for Editor in 106.23 ms, found 3 plugins.
Preloading 0 native plugins for Editor in 0.00 ms.
Mono: successfully reloaded assembly
- Completed reload, in  1.354 seconds
Platform modules already initialized, skipping
========================================================================
Worker process is ready to serve import requests
Shader 'Universal Render Pipeline/Particles/Lit': fallback shader 'Universal Render Pipeline/Particles/SimpleLit' not found
Launched and connected shader compiler UnityShaderCompiler.exe after 0.04 seconds
Refreshing native plugins compatible for Editor in 1.33 ms, found 3 plugins.
Preloading 0 native plugins for Editor in 0.00 ms.
Unloading 4111 Unused Serialized files (Serialized files now loaded: 0)
System memory in use before: 167.3 MB.
System memory in use after: 167.4 MB.

Unloading 75 unused Assets to reduce memory usage. Loaded Objects now: 4513.
Total: 5.432400 ms (FindLiveObjects: 0.335600 ms CreateObjectMapping: 0.239200 ms MarkObjects: 4.707200 ms  DeleteObjects: 0.149300 ms)

========================================================================
Received Import Request.
  path: Assets/Prefabs Profe/Characters/Player Cuyi.prefab
  artifactKey: Guid(900d55bd480595343aeab36dc017e17f) Importer(815301076,1909f56bfc062723c751e8b465ee728b)
Start importing Assets/Prefabs Profe/Characters/Player Cuyi.prefab using Guid(900d55bd480595343aeab36dc017e17f) Importer(815301076,1909f56bfc062723c751e8b465ee728b)  -> (artifact id: 'a970151d283c643383d05c676a2f5412') in 0.101164 seconds
  Import took 0.108707 seconds .

========================================================================
Received Prepare
Shader 'Universal Render Pipeline/Particles/Lit': fallback shader 'Universal Render Pipeline/Particles/SimpleLit' not found
Refreshing native plugins compatible for Editor in 12.71 ms, found 3 plugins.
Preloading 0 native plugins for Editor in 0.00 ms.
Unloading 61 Unused Serialized files (Serialized files now loaded: 0)
System memory in use before: 85.2 MB.
System memory in use after: 85.3 MB.

Unloading 61 unused Assets to reduce memory usage. Loaded Objects now: 4520.
Total: 7.756500 ms (FindLiveObjects: 0.514500 ms CreateObjectMapping: 0.241600 ms MarkObjects: 6.643800 ms  DeleteObjects: 0.355200 ms)

========================================================================
Received Prepare
Registering precompiled user dll's ...
Registered in 0.007538 seconds.
Begin MonoManager ReloadAssembly
Native extension for WindowsStandalone target not found
Refreshing native plugins compatible for Editor in 1.45 ms, found 3 plugins.
Preloading 0 native plugins for Editor in 0.00 ms.
Mono: successfully reloaded assembly
- Completed reload, in  1.223 seconds
Platform modules already initialized, skipping
Shader 'Universal Render Pipeline/Particles/Lit': fallback shader 'Universal Render Pipeline/Particles/SimpleLit' not found
Refreshing native plugins compatible for Editor in 1.36 ms, found 3 plugins.
Preloading 0 native plugins for Editor in 0.00 ms.
Unloading 4036 Unused Serialized files (Serialized files now loaded: 0)
System memory in use before: 163.5 MB.
System memory in use after: 163.6 MB.

Unloading 64 unused Assets to reduce memory usage. Loaded Objects now: 4524.
Total: 6.575300 ms (FindLiveObjects: 0.389000 ms CreateObjectMapping: 0.213600 ms MarkObjects: 5.764300 ms  DeleteObjects: 0.206400 ms)

========================================================================
Received Prepare
Registering precompiled user dll's ...
Registered in 0.008487 seconds.
Begin MonoManager ReloadAssembly
Native extension for WindowsStandalone target not found
Refreshing native plugins compatible for Editor in 2.44 ms, found 3 plugins.
Preloading 0 native plugins for Editor in 0.00 ms.
Mono: successfully reloaded assembly
- Completed reload, in  1.359 seconds
Platform modules already initialized, skipping
Shader 'Universal Render Pipeline/Particles/Lit': fallback shader 'Universal Render Pipeline/Particles/SimpleLit' not found
Refreshing native plugins compatible for Editor in 1.30 ms, found 3 plugins.
Preloading 0 native plugins for Editor in 0.00 ms.
Unloading 4036 Unused Serialized files (Serialized files now loaded: 0)
System memory in use before: 163.6 MB.
System memory in use after: 163.7 MB.

Unloading 64 unused Assets to reduce memory usage. Loaded Objects now: 4528.
Total: 6.797000 ms (FindLiveObjects: 0.512500 ms CreateObjectMapping: 0.273800 ms MarkObjects: 5.839700 ms  DeleteObjects: 0.169400 ms)

========================================================================
Received Prepare
Registering precompiled user dll's ...
Registered in 0.009328 seconds.
Begin MonoManager ReloadAssembly
Native extension for WindowsStandalone target not found
Refreshing native plugins compatible for Editor in 1.85 ms, found 3 plugins.
Preloading 0 native plugins for Editor in 0.00 ms.
Mono: successfully reloaded assembly
- Completed reload, in  1.556 seconds
Platform modules already initialized, skipping
Shader 'Universal Render Pipeline/Particles/Lit': fallback shader 'Universal Render Pipeline/Particles/SimpleLit' not found
Refreshing native plugins compatible for Editor in 2.05 ms, found 3 plugins.
Preloading 0 native plugins for Editor in 0.00 ms.
Unloading 4036 Unused Serialized files (Serialized files now loaded: 0)
System memory in use before: 163.6 MB.
System memory in use after: 163.7 MB.

Unloading 64 unused Assets to reduce memory usage. Loaded Objects now: 4532.
Total: 8.049400 ms (FindLiveObjects: 0.354400 ms CreateObjectMapping: 0.218300 ms MarkObjects: 7.318300 ms  DeleteObjects: 0.156500 ms)

========================================================================
Received Prepare
Registering precompiled user dll's ...
Registered in 0.009440 seconds.
Begin MonoManager ReloadAssembly
Native extension for WindowsStandalone target not found
Refreshing native plugins compatible for Editor in 3.03 ms, found 3 plugins.
Preloading 0 native plugins for Editor in 0.00 ms.
Mono: successfully reloaded assembly
- Completed reload, in  1.352 seconds
Platform modules already initialized, skipping
Shader 'Universal Render Pipeline/Particles/Lit': fallback shader 'Universal Render Pipeline/Particles/SimpleLit' not found
Refreshing native plugins compatible for Editor in 1.38 ms, found 3 plugins.
Preloading 0 native plugins for Editor in 0.00 ms.
Unloading 4036 Unused Serialized files (Serialized files now loaded: 0)
System memory in use before: 163.7 MB.
System memory in use after: 163.8 MB.

Unloading 64 unused Assets to reduce memory usage. Loaded Objects now: 4536.
Total: 7.588000 ms (FindLiveObjects: 0.501200 ms CreateObjectMapping: 0.209600 ms MarkObjects: 6.614400 ms  DeleteObjects: 0.259000 ms)

========================================================================
Received Prepare
Registering precompiled user dll's ...
Registered in 0.011387 seconds.
Begin MonoManager ReloadAssembly
Native extension for WindowsStandalone target not found
Refreshing native plugins compatible for Editor in 1.34 ms, found 3 plugins.
Preloading 0 native plugins for Editor in 0.00 ms.
Mono: successfully reloaded assembly
- Completed reload, in  1.559 seconds
Platform modules already initialized, skipping
Shader 'Universal Render Pipeline/Particles/Lit': fallback shader 'Universal Render Pipeline/Particles/SimpleLit' not found
Refreshing native plugins compatible for Editor in 1.40 ms, found 3 plugins.
Preloading 0 native plugins for Editor in 0.00 ms.
Unloading 4036 Unused Serialized files (Serialized files now loaded: 0)
System memory in use before: 163.7 MB.
System memory in use after: 163.8 MB.

Unloading 64 unused Assets to reduce memory usage. Loaded Objects now: 4540.
Total: 7.455400 ms (FindLiveObjects: 0.754100 ms CreateObjectMapping: 0.570700 ms MarkObjects: 5.949000 ms  DeleteObjects: 0.178900 ms)

========================================================================
Received Prepare
Registering precompiled user dll's ...
Registered in 0.008348 seconds.
Begin MonoManager ReloadAssembly
Native extension for WindowsStandalone target not found
Refreshing native plugins compatible for Editor in 1.33 ms, found 3 plugins.
Preloading 0 native plugins for Editor in 0.00 ms.
Mono: successfully reloaded assembly
- Completed reload, in  1.257 seconds
Platform modules already initialized, skipping
Shader 'Universal Render Pipeline/Particles/Lit': fallback shader 'Universal Render Pipeline/Particles/SimpleLit' not found
Refreshing native plugins compatible for Editor in 1.40 ms, found 3 plugins.
Preloading 0 native plugins for Editor in 0.00 ms.
Unloading 4036 Unused Serialized files (Serialized files now loaded: 0)
System memory in use before: 163.7 MB.
System memory in use after: 163.8 MB.

Unloading 64 unused Assets to reduce memory usage. Loaded Objects now: 4544.
Total: 7.406100 ms (FindLiveObjects: 0.428700 ms CreateObjectMapping: 0.203100 ms MarkObjects: 6.618500 ms  DeleteObjects: 0.154500 ms)

========================================================================
Received Import Request.
  Time since last request: 997.104218 seconds.
  path: Assets/Scriptable Objects/Shooting Types/Fireball.asset
  artifactKey: Guid(992bd6f6ce00d684192b903a90e5095a) Importer(815301076,1909f56bfc062723c751e8b465ee728b)
Start importing Assets/Scriptable Objects/Shooting Types/Fireball.asset using Guid(992bd6f6ce00d684192b903a90e5095a) Importer(815301076,1909f56bfc062723c751e8b465ee728b)  -> (artifact id: '6f2d715c53df21cd695e61acf90ce5a2') in 0.023622 seconds
  Import took 0.032011 seconds .

========================================================================
Received Import Request.
  Time since last request: 0.000241 seconds.
  path: Assets/Scriptable Objects/Shooting Types/Shuriken.asset
  artifactKey: Guid(4751cf8557af7b64bb14b9464accbfd4) Importer(815301076,1909f56bfc062723c751e8b465ee728b)
Start importing Assets/Scriptable Objects/Shooting Types/Shuriken.asset using Guid(4751cf8557af7b64bb14b9464accbfd4) Importer(815301076,1909f56bfc062723c751e8b465ee728b)  -> (artifact id: '27abb144a4ac3e46f74a28862f259b47') in 0.010239 seconds
  Import took 0.018274 seconds .

========================================================================
Received Import Request.
  Time since last request: 0.000245 seconds.
  path: Assets/Scriptable Objects/Shooting Types/Freeze Bullets.asset
  artifactKey: Guid(31872f89152dd0b4dbab9c32a12f2593) Importer(815301076,1909f56bfc062723c751e8b465ee728b)
Start importing Assets/Scriptable Objects/Shooting Types/Freeze Bullets.asset using Guid(31872f89152dd0b4dbab9c32a12f2593) Importer(815301076,1909f56bfc062723c751e8b465ee728b)  -> (artifact id: '0978261d78155846e36dd6219829781c') in 0.007154 seconds
  Import took 0.015598 seconds .

========================================================================
Received Import Request.
  Time since last request: 0.000243 seconds.
  path: Assets/Scriptable Objects/Shooting Types/Fireball.asset
  artifactKey: Guid(992bd6f6ce00d684192b903a90e5095a) Importer(815301076,1909f56bfc062723c751e8b465ee728b)
Start importing Assets/Scriptable Objects/Shooting Types/Fireball.asset using Guid(992bd6f6ce00d684192b903a90e5095a) Importer(815301076,1909f56bfc062723c751e8b465ee728b)  -> (artifact id: '6f2d715c53df21cd695e61acf90ce5a2') in 0.007194 seconds
  Import took 0.015059 seconds .

========================================================================
Received Import Request.
  Time since last request: 0.000219 seconds.
  path: Assets/Scriptable Objects/Shooting Types/Freeze Bullets.asset
  artifactKey: Guid(31872f89152dd0b4dbab9c32a12f2593) Importer(815301076,1909f56bfc062723c751e8b465ee728b)
Start importing Assets/Scriptable Objects/Shooting Types/Freeze Bullets.asset using Guid(31872f89152dd0b4dbab9c32a12f2593) Importer(815301076,1909f56bfc062723c751e8b465ee728b)  -> (artifact id: '0978261d78155846e36dd6219829781c') in 0.006594 seconds
  Import took 0.013498 seconds .

========================================================================
Received Import Request.
  Time since last request: 14.587943 seconds.
  path: Assets/Prefabs Profe/Proyectiles/Fireball Projectile.prefab
  artifactKey: Guid(7ec4e80efadac6641b6b47c08c995989) Importer(815301076,1909f56bfc062723c751e8b465ee728b)
Start importing Assets/Prefabs Profe/Proyectiles/Fireball Projectile.prefab using Guid(7ec4e80efadac6641b6b47c08c995989) Importer(815301076,1909f56bfc062723c751e8b465ee728b)  -> (artifact id: '1f8a14d54b0fa293e02d4d71c80a4922') in 0.044108 seconds
  Import took 0.053653 seconds .

========================================================================
Received Prepare
Registering precompiled user dll's ...
Registered in 0.009863 seconds.
Begin MonoManager ReloadAssembly
Native extension for WindowsStandalone target not found
Refreshing native plugins compatible for Editor in 1.41 ms, found 3 plugins.
Preloading 0 native plugins for Editor in 0.00 ms.
Mono: successfully reloaded assembly
- Completed reload, in  1.209 seconds
Platform modules already initialized, skipping
Shader 'Universal Render Pipeline/Particles/Lit': fallback shader 'Universal Render Pipeline/Particles/SimpleLit' not found
Refreshing native plugins compatible for Editor in 2.29 ms, found 3 plugins.
Preloading 0 native plugins for Editor in 0.00 ms.
Unloading 4036 Unused Serialized files (Serialized files now loaded: 0)
System memory in use before: 163.7 MB.
System memory in use after: 163.8 MB.

Unloading 64 unused Assets to reduce memory usage. Loaded Objects now: 4549.
Total: 5.832600 ms (FindLiveObjects: 0.410700 ms CreateObjectMapping: 0.196700 ms MarkObjects: 5.074300 ms  DeleteObjects: 0.149500 ms)

========================================================================
Received Prepare
Registering precompiled user dll's ...
Registered in 0.007780 seconds.
Begin MonoManager ReloadAssembly
Native extension for WindowsStandalone target not found
Refreshing native plugins compatible for Editor in 1.90 ms, found 3 plugins.
Preloading 0 native plugins for Editor in 0.00 ms.
Mono: successfully reloaded assembly
- Completed reload, in  1.176 seconds
Platform modules already initialized, skipping
Shader 'Universal Render Pipeline/Particles/Lit': fallback shader 'Universal Render Pipeline/Particles/SimpleLit' not found
Refreshing native plugins compatible for Editor in 2.27 ms, found 3 plugins.
Preloading 0 native plugins for Editor in 0.00 ms.
Unloading 4036 Unused Serialized files (Serialized files now loaded: 0)
System memory in use before: 163.7 MB.
System memory in use after: 163.8 MB.

Unloading 64 unused Assets to reduce memory usage. Loaded Objects now: 4553.
Total: 5.932300 ms (FindLiveObjects: 0.382000 ms CreateObjectMapping: 0.271600 ms MarkObjects: 5.127000 ms  DeleteObjects: 0.150000 ms)

========================================================================
Received Prepare
Registering precompiled user dll's ...
Registered in 0.007630 seconds.
Begin MonoManager ReloadAssembly
Native extension for WindowsStandalone target not found
Refreshing native plugins compatible for Editor in 1.41 ms, found 3 plugins.
Preloading 0 native plugins for Editor in 0.00 ms.
Mono: successfully reloaded assembly
- Completed reload, in  1.183 seconds
Platform modules already initialized, skipping
Shader 'Universal Render Pipeline/Particles/Lit': fallback shader 'Universal Render Pipeline/Particles/SimpleLit' not found
Refreshing native plugins compatible for Editor in 2.78 ms, found 3 plugins.
Preloading 0 native plugins for Editor in 0.00 ms.
Unloading 4036 Unused Serialized files (Serialized files now loaded: 0)
System memory in use before: 163.8 MB.
System memory in use after: 163.8 MB.

Unloading 64 unused Assets to reduce memory usage. Loaded Objects now: 4557.
Total: 7.020100 ms (FindLiveObjects: 0.627800 ms CreateObjectMapping: 0.517800 ms MarkObjects: 5.719000 ms  DeleteObjects: 0.153800 ms)

AssetImportWorkerClient::OnTransportError - code=2 error=End of file
